0 info it worked if it ends with ok
1 verbose cli [ '/usr/bin/nodejs', '/usr/bin/npm', 'install', 'async', '--save' ]
2 info using npm@3.10.3
3 info using node@v6.7.0
4 silly loadCurrentTree Starting
5 silly install loadCurrentTree
6 silly install readLocalPackageData
7 silly fetchPackageMetaData async
8 silly fetchNamedPackageData async
9 silly mapToRegistry name async
10 silly mapToRegistry using default registry
11 silly mapToRegistry registry https://registry.npmjs.org/
12 silly mapToRegistry data Result {
12 silly mapToRegistry   raw: 'async',
12 silly mapToRegistry   scope: null,
12 silly mapToRegistry   escapedName: 'async',
12 silly mapToRegistry   name: 'async',
12 silly mapToRegistry   rawSpec: '',
12 silly mapToRegistry   spec: 'latest',
12 silly mapToRegistry   type: 'tag' }
13 silly mapToRegistry uri https://registry.npmjs.org/async
14 verbose request uri https://registry.npmjs.org/async
15 verbose request no auth needed
16 info attempt registry request try #1 at 9:59:27 PM
17 verbose request id cad30217138df127
18 verbose etag "6ZL2BCNSGR4RX8L2YCGJK7IKA"
19 http request GET https://registry.npmjs.org/async
20 http 304 https://registry.npmjs.org/async
21 verbose headers { date: 'Mon, 03 Oct 2016 16:29:28 GMT',
21 verbose headers   via: '1.1 varnish',
21 verbose headers   'cache-control': 'max-age=300',
21 verbose headers   etag: '"6ZL2BCNSGR4RX8L2YCGJK7IKA"',
21 verbose headers   age: '113',
21 verbose headers   connection: 'keep-alive',
21 verbose headers   'x-served-by': 'cache-hkg6822-HKG',
21 verbose headers   'x-cache': 'HIT',
21 verbose headers   'x-cache-hits': '6',
21 verbose headers   'x-timer': 'S1475512168.791524,VS0,VE0',
21 verbose headers   vary: 'Accept-Encoding' }
22 silly get cb [ 304,
22 silly get   { date: 'Mon, 03 Oct 2016 16:29:28 GMT',
22 silly get     via: '1.1 varnish',
22 silly get     'cache-control': 'max-age=300',
22 silly get     etag: '"6ZL2BCNSGR4RX8L2YCGJK7IKA"',
22 silly get     age: '113',
22 silly get     connection: 'keep-alive',
22 silly get     'x-served-by': 'cache-hkg6822-HKG',
22 silly get     'x-cache': 'HIT',
22 silly get     'x-cache-hits': '6',
22 silly get     'x-timer': 'S1475512168.791524,VS0,VE0',
22 silly get     vary: 'Accept-Encoding' } ]
23 verbose etag https://registry.npmjs.org/async from cache
24 verbose get saving async to /home/ttnd/.npm/registry.npmjs.org/async/.cache.json
25 verbose correctMkdir /home/ttnd/.npm correctMkdir not in flight; initializing
26 silly install normalizeTree
27 silly loadCurrentTree Finishing
28 silly loadIdealTree Starting
29 silly install loadIdealTree
30 silly cloneCurrentTree Starting
31 silly install cloneCurrentTreeToIdealTree
32 silly cloneCurrentTree Finishing
33 silly loadShrinkwrap Starting
34 silly install loadShrinkwrap
35 silly loadShrinkwrap Finishing
36 silly loadAllDepsIntoIdealTree Starting
37 silly install loadAllDepsIntoIdealTree
38 silly rollbackFailedOptional Starting
39 silly rollbackFailedOptional Finishing
40 silly runTopLevelLifecycles Starting
41 silly runTopLevelLifecycles Finishing
42 silly install printInstalled
43 verbose stack Error: Refusing to install async as a dependency of itself
43 verbose stack     at checkSelf (/usr/lib/node_modules/npm/lib/install/validate-args.js:53:14)
43 verbose stack     at Array.<anonymous> (/usr/lib/node_modules/npm/node_modules/slide/lib/bind-actor.js:15:8)
43 verbose stack     at LOOP (/usr/lib/node_modules/npm/node_modules/slide/lib/chain.js:15:14)
43 verbose stack     at chain (/usr/lib/node_modules/npm/node_modules/slide/lib/chain.js:20:5)
43 verbose stack     at /usr/lib/node_modules/npm/lib/install/validate-args.js:16:5
43 verbose stack     at /usr/lib/node_modules/npm/node_modules/slide/lib/async-map.js:52:35
43 verbose stack     at Array.forEach (native)
43 verbose stack     at /usr/lib/node_modules/npm/node_modules/slide/lib/async-map.js:52:11
43 verbose stack     at Array.forEach (native)
43 verbose stack     at asyncMap (/usr/lib/node_modules/npm/node_modules/slide/lib/async-map.js:51:8)
44 verbose cwd /home/ttnd/POC/node/async
45 error Linux 4.4.0-38-generic
46 error argv "/usr/bin/nodejs" "/usr/bin/npm" "install" "async" "--save"
47 error node v6.7.0
48 error npm  v3.10.3
49 error code ENOSELF
50 error Refusing to install async as a dependency of itself
51 error If you need help, you may report this error at:
51 error     <https://github.com/npm/npm/issues>
52 verbose exit [ 1, true ]
